<?xml version="1.0" encoding="UTF-8"?>
<testsuite xmlns:xsi="http://www.w3.org/2001/XMLSchema-instance" xsi:noNamespaceSchemaLocation="https://maven.apache.org/surefire/maven-surefire-plugin/xsd/surefire-test-report.xsd" name="TestSuite" time="0.56" tests="0" errors="0" skipped="0" failures="0">
  <properties>
    <property name="gopherProxySet" value="false"/>
    <property name="awt.toolkit" value="sun.lwawt.macosx.LWCToolkit"/>
    <property name="file.encoding.pkg" value="sun.io"/>
    <property name="java.specification.version" value="1.8"/>
    <property name="sun.cpu.isalist" value=""/>
    <property name="sun.jnu.encoding" value="UTF-8"/>
    <property name="java.class.path" value="/Users/wumaerjiangzulihumaer/IdeaProjects/EU5CucumberSelenium/target/test-classes:/Users/wumaerjiangzulihumaer/IdeaProjects/EU5CucumberSelenium/target/classes:/Users/wumaerjiangzulihumaer/.m2/repository/org/seleniumhq/selenium/selenium-java/3.141.59/selenium-java-3.141.59.jar:/Users/wumaerjiangzulihumaer/.m2/repository/org/seleniumhq/selenium/selenium-api/3.141.59/selenium-api-3.141.59.jar:/Users/wumaerjiangzulihumaer/.m2/repository/org/seleniumhq/selenium/selenium-chrome-driver/3.141.59/selenium-chrome-driver-3.141.59.jar:/Users/wumaerjiangzulihumaer/.m2/repository/org/seleniumhq/selenium/selenium-edge-driver/3.141.59/selenium-edge-driver-3.141.59.jar:/Users/wumaerjiangzulihumaer/.m2/repository/org/seleniumhq/selenium/selenium-firefox-driver/3.141.59/selenium-firefox-driver-3.141.59.jar:/Users/wumaerjiangzulihumaer/.m2/repository/org/seleniumhq/selenium/selenium-ie-driver/3.141.59/selenium-ie-driver-3.141.59.jar:/Users/wumaerjiangzulihumaer/.m2/repository/org/seleniumhq/selenium/selenium-opera-driver/3.141.59/selenium-opera-driver-3.141.59.jar:/Users/wumaerjiangzulihumaer/.m2/repository/org/seleniumhq/selenium/selenium-remote-driver/3.141.59/selenium-remote-driver-3.141.59.jar:/Users/wumaerjiangzulihumaer/.m2/repository/org/seleniumhq/selenium/selenium-safari-driver/3.141.59/selenium-safari-driver-3.141.59.jar:/Users/wumaerjiangzulihumaer/.m2/repository/org/seleniumhq/selenium/selenium-support/3.141.59/selenium-support-3.141.59.jar:/Users/wumaerjiangzulihumaer/.m2/repository/net/bytebuddy/byte-buddy/1.8.15/byte-buddy-1.8.15.jar:/Users/wumaerjiangzulihumaer/.m2/repository/org/apache/commons/commons-exec/1.3/commons-exec-1.3.jar:/Users/wumaerjiangzulihumaer/.m2/repository/com/google/guava/guava/25.0-jre/guava-25.0-jre.jar:/Users/wumaerjiangzulihumaer/.m2/repository/com/google/code/findbugs/jsr305/1.3.9/jsr305-1.3.9.jar:/Users/wumaerjiangzulihumaer/.m2/repository/org/checkerframework/checker-compat-qual/2.0.0/checker-compat-qual-2.0.0.jar:/Users/wumaerjiangzulihumaer/.m2/repository/com/google/errorprone/error_prone_annotations/2.1.3/error_prone_annotations-2.1.3.jar:/Users/wumaerjiangzulihumaer/.m2/repository/com/google/j2objc/j2objc-annotations/1.1/j2objc-annotations-1.1.jar:/Users/wumaerjiangzulihumaer/.m2/repository/org/codehaus/mojo/animal-sniffer-annotations/1.14/animal-sniffer-annotations-1.14.jar:/Users/wumaerjiangzulihumaer/.m2/repository/com/squareup/okhttp3/okhttp/3.11.0/okhttp-3.11.0.jar:/Users/wumaerjiangzulihumaer/.m2/repository/com/squareup/okio/okio/1.14.0/okio-1.14.0.jar:/Users/wumaerjiangzulihumaer/.m2/repository/io/github/bonigarcia/webdrivermanager/4.4.3/webdrivermanager-4.4.3.jar:/Users/wumaerjiangzulihumaer/.m2/repository/org/slf4j/slf4j-api/1.7.30/slf4j-api-1.7.30.jar:/Users/wumaerjiangzulihumaer/.m2/repository/commons-io/commons-io/2.8.0/commons-io-2.8.0.jar:/Users/wumaerjiangzulihumaer/.m2/repository/com/google/code/gson/gson/2.8.6/gson-2.8.6.jar:/Users/wumaerjiangzulihumaer/.m2/repository/org/apache/commons/commons-lang3/3.12.0/commons-lang3-3.12.0.jar:/Users/wumaerjiangzulihumaer/.m2/repository/org/apache/httpcomponents/client5/httpclient5/5.0.3/httpclient5-5.0.3.jar:/Users/wumaerjiangzulihumaer/.m2/repository/org/apache/httpcomponents/core5/httpcore5/5.0.2/httpcore5-5.0.2.jar:/Users/wumaerjiangzulihumaer/.m2/repository/org/apache/httpcomponents/core5/httpcore5-h2/5.0.2/httpcore5-h2-5.0.2.jar:/Users/wumaerjiangzulihumaer/.m2/repository/commons-codec/commons-codec/1.13/commons-codec-1.13.jar:/Users/wumaerjiangzulihumaer/.m2/repository/org/rauschig/jarchivelib/1.1.0/jarchivelib-1.1.0.jar:/Users/wumaerjiangzulihumaer/.m2/repository/org/apache/commons/commons-compress/1.20/commons-compress-1.20.jar:/Users/wumaerjiangzulihumaer/.m2/repository/org/jsoup/jsoup/1.13.1/jsoup-1.13.1.jar:/Users/wumaerjiangzulihumaer/.m2/repository/org/testng/testng/7.1.0/testng-7.1.0.jar:/Users/wumaerjiangzulihumaer/.m2/repository/com/beust/jcommander/1.72/jcommander-1.72.jar:/Users/wumaerjiangzulihumaer/.m2/repository/com/google/inject/guice/4.1.0/guice-4.1.0-no_aop.jar:/Users/wumaerjiangzulihumaer/.m2/repository/javax/inject/javax.inject/1/javax.inject-1.jar:/Users/wumaerjiangzulihumaer/.m2/repository/aopalliance/aopalliance/1.0/aopalliance-1.0.jar:/Users/wumaerjiangzulihumaer/.m2/repository/org/yaml/snakeyaml/1.21/snakeyaml-1.21.jar:/Users/wumaerjiangzulihumaer/.m2/repository/io/cucumber/cucumber-java/5.7.0/cucumber-java-5.7.0.jar:/Users/wumaerjiangzulihumaer/.m2/repository/io/cucumber/cucumber-core/5.7.0/cucumber-core-5.7.0.jar:/Users/wumaerjiangzulihumaer/.m2/repository/io/cucumber/cucumber-gherkin/5.7.0/cucumber-gherkin-5.7.0.jar:/Users/wumaerjiangzulihumaer/.m2/repository/io/cucumber/cucumber-gherkin-vintage/5.7.0/cucumber-gherkin-vintage-5.7.0.jar:/Users/wumaerjiangzulihumaer/.m2/repository/io/cucumber/tag-expressions/2.0.4/tag-expressions-2.0.4.jar:/Users/wumaerjiangzulihumaer/.m2/repository/io/cucumber/cucumber-expressions/8.3.1/cucumber-expressions-8.3.1.jar:/Users/wumaerjiangzulihumaer/.m2/repository/io/cucumber/datatable/3.3.1/datatable-3.3.1.jar:/Users/wumaerjiangzulihumaer/.m2/repository/io/cucumber/cucumber-plugin/5.7.0/cucumber-plugin-5.7.0.jar:/Users/wumaerjiangzulihumaer/.m2/repository/io/cucumber/docstring/5.7.0/docstring-5.7.0.jar:/Users/wumaerjiangzulihumaer/.m2/repository/org/apiguardian/apiguardian-api/1.1.0/apiguardian-api-1.1.0.jar:/Users/wumaerjiangzulihumaer/.m2/repository/io/cucumber/cucumber-junit/5.7.0/cucumber-junit-5.7.0.jar:/Users/wumaerjiangzulihumaer/.m2/repository/junit/junit/4.13/junit-4.13.jar:/Users/wumaerjiangzulihumaer/.m2/repository/org/hamcrest/hamcrest-core/1.3/hamcrest-core-1.3.jar:"/>
    <property name="java.vm.vendor" value="Oracle Corporation"/>
    <property name="sun.arch.data.model" value="64"/>
    <property name="java.vendor.url" value="http://java.oracle.com/"/>
    <property name="user.timezone" value=""/>
    <property name="java.vm.specification.version" value="1.8"/>
    <property name="os.name" value="Mac OS X"/>
    <property name="user.country" value="DE"/>
    <property name="sun.java.launcher" value="SUN_STANDARD"/>
    <property name="sun.boot.library.path" value="/Library/Java/JavaVirtualMachines/jdk1.8.0_231.jdk/Contents/Home/jre/lib"/>
    <property name="sun.java.command" value="/Users/wumaerjiangzulihumaer/IdeaProjects/EU5CucumberSelenium/target/surefire/surefirebooter4888998830466835008.jar /Users/wumaerjiangzulihumaer/IdeaProjects/EU5CucumberSelenium/target/surefire 2021-11-17T00-56-07_385-jvmRun1 surefire8126895631495856251tmp surefire_08617614535433939295tmp"/>
    <property name="http.nonProxyHosts" value="local|*.local|169.254/16|*.169.254/16"/>
    <property name="surefire.test.class.path" value="/Users/wumaerjiangzulihumaer/IdeaProjects/EU5CucumberSelenium/target/test-classes:/Users/wumaerjiangzulihumaer/IdeaProjects/EU5CucumberSelenium/target/classes:/Users/wumaerjiangzulihumaer/.m2/repository/org/seleniumhq/selenium/selenium-java/3.141.59/selenium-java-3.141.59.jar:/Users/wumaerjiangzulihumaer/.m2/repository/org/seleniumhq/selenium/selenium-api/3.141.59/selenium-api-3.141.59.jar:/Users/wumaerjiangzulihumaer/.m2/repository/org/seleniumhq/selenium/selenium-chrome-driver/3.141.59/selenium-chrome-driver-3.141.59.jar:/Users/wumaerjiangzulihumaer/.m2/repository/org/seleniumhq/selenium/selenium-edge-driver/3.141.59/selenium-edge-driver-3.141.59.jar:/Users/wumaerjiangzulihumaer/.m2/repository/org/seleniumhq/selenium/selenium-firefox-driver/3.141.59/selenium-firefox-driver-3.141.59.jar:/Users/wumaerjiangzulihumaer/.m2/repository/org/seleniumhq/selenium/selenium-ie-driver/3.141.59/selenium-ie-driver-3.141.59.jar:/Users/wumaerjiangzulihumaer/.m2/repository/org/seleniumhq/selenium/selenium-opera-driver/3.141.59/selenium-opera-driver-3.141.59.jar:/Users/wumaerjiangzulihumaer/.m2/repository/org/seleniumhq/selenium/selenium-remote-driver/3.141.59/selenium-remote-driver-3.141.59.jar:/Users/wumaerjiangzulihumaer/.m2/repository/org/seleniumhq/selenium/selenium-safari-driver/3.141.59/selenium-safari-driver-3.141.59.jar:/Users/wumaerjiangzulihumaer/.m2/repository/org/seleniumhq/selenium/selenium-support/3.141.59/selenium-support-3.141.59.jar:/Users/wumaerjiangzulihumaer/.m2/repository/net/bytebuddy/byte-buddy/1.8.15/byte-buddy-1.8.15.jar:/Users/wumaerjiangzulihumaer/.m2/repository/org/apache/commons/commons-exec/1.3/commons-exec-1.3.jar:/Users/wumaerjiangzulihumaer/.m2/repository/com/google/guava/guava/25.0-jre/guava-25.0-jre.jar:/Users/wumaerjiangzulihumaer/.m2/repository/com/google/code/findbugs/jsr305/1.3.9/jsr305-1.3.9.jar:/Users/wumaerjiangzulihumaer/.m2/repository/org/checkerframework/checker-compat-qual/2.0.0/checker-compat-qual-2.0.0.jar:/Users/wumaerjiangzulihumaer/.m2/repository/com/google/errorprone/error_prone_annotations/2.1.3/error_prone_annotations-2.1.3.jar:/Users/wumaerjiangzulihumaer/.m2/repository/com/google/j2objc/j2objc-annotations/1.1/j2objc-annotations-1.1.jar:/Users/wumaerjiangzulihumaer/.m2/repository/org/codehaus/mojo/animal-sniffer-annotations/1.14/animal-sniffer-annotations-1.14.jar:/Users/wumaerjiangzulihumaer/.m2/repository/com/squareup/okhttp3/okhttp/3.11.0/okhttp-3.11.0.jar:/Users/wumaerjiangzulihumaer/.m2/repository/com/squareup/okio/okio/1.14.0/okio-1.14.0.jar:/Users/wumaerjiangzulihumaer/.m2/repository/io/github/bonigarcia/webdrivermanager/4.4.3/webdrivermanager-4.4.3.jar:/Users/wumaerjiangzulihumaer/.m2/repository/org/slf4j/slf4j-api/1.7.30/slf4j-api-1.7.30.jar:/Users/wumaerjiangzulihumaer/.m2/repository/commons-io/commons-io/2.8.0/commons-io-2.8.0.jar:/Users/wumaerjiangzulihumaer/.m2/repository/com/google/code/gson/gson/2.8.6/gson-2.8.6.jar:/Users/wumaerjiangzulihumaer/.m2/repository/org/apache/commons/commons-lang3/3.12.0/commons-lang3-3.12.0.jar:/Users/wumaerjiangzulihumaer/.m2/repository/org/apache/httpcomponents/client5/httpclient5/5.0.3/httpclient5-5.0.3.jar:/Users/wumaerjiangzulihumaer/.m2/repository/org/apache/httpcomponents/core5/httpcore5/5.0.2/httpcore5-5.0.2.jar:/Users/wumaerjiangzulihumaer/.m2/repository/org/apache/httpcomponents/core5/httpcore5-h2/5.0.2/httpcore5-h2-5.0.2.jar:/Users/wumaerjiangzulihumaer/.m2/repository/commons-codec/commons-codec/1.13/commons-codec-1.13.jar:/Users/wumaerjiangzulihumaer/.m2/repository/org/rauschig/jarchivelib/1.1.0/jarchivelib-1.1.0.jar:/Users/wumaerjiangzulihumaer/.m2/repository/org/apache/commons/commons-compress/1.20/commons-compress-1.20.jar:/Users/wumaerjiangzulihumaer/.m2/repository/org/jsoup/jsoup/1.13.1/jsoup-1.13.1.jar:/Users/wumaerjiangzulihumaer/.m2/repository/org/testng/testng/7.1.0/testng-7.1.0.jar:/Users/wumaerjiangzulihumaer/.m2/repository/com/beust/jcommander/1.72/jcommander-1.72.jar:/Users/wumaerjiangzulihumaer/.m2/repository/com/google/inject/guice/4.1.0/guice-4.1.0-no_aop.jar:/Users/wumaerjiangzulihumaer/.m2/repository/javax/inject/javax.inject/1/javax.inject-1.jar:/Users/wumaerjiangzulihumaer/.m2/repository/aopalliance/aopalliance/1.0/aopalliance-1.0.jar:/Users/wumaerjiangzulihumaer/.m2/repository/org/yaml/snakeyaml/1.21/snakeyaml-1.21.jar:/Users/wumaerjiangzulihumaer/.m2/repository/io/cucumber/cucumber-java/5.7.0/cucumber-java-5.7.0.jar:/Users/wumaerjiangzulihumaer/.m2/repository/io/cucumber/cucumber-core/5.7.0/cucumber-core-5.7.0.jar:/Users/wumaerjiangzulihumaer/.m2/repository/io/cucumber/cucumber-gherkin/5.7.0/cucumber-gherkin-5.7.0.jar:/Users/wumaerjiangzulihumaer/.m2/repository/io/cucumber/cucumber-gherkin-vintage/5.7.0/cucumber-gherkin-vintage-5.7.0.jar:/Users/wumaerjiangzulihumaer/.m2/repository/io/cucumber/tag-expressions/2.0.4/tag-expressions-2.0.4.jar:/Users/wumaerjiangzulihumaer/.m2/repository/io/cucumber/cucumber-expressions/8.3.1/cucumber-expressions-8.3.1.jar:/Users/wumaerjiangzulihumaer/.m2/repository/io/cucumber/datatable/3.3.1/datatable-3.3.1.jar:/Users/wumaerjiangzulihumaer/.m2/repository/io/cucumber/cucumber-plugin/5.7.0/cucumber-plugin-5.7.0.jar:/Users/wumaerjiangzulihumaer/.m2/repository/io/cucumber/docstring/5.7.0/docstring-5.7.0.jar:/Users/wumaerjiangzulihumaer/.m2/repository/org/apiguardian/apiguardian-api/1.1.0/apiguardian-api-1.1.0.jar:/Users/wumaerjiangzulihumaer/.m2/repository/io/cucumber/cucumber-junit/5.7.0/cucumber-junit-5.7.0.jar:/Users/wumaerjiangzulihumaer/.m2/repository/junit/junit/4.13/junit-4.13.jar:/Users/wumaerjiangzulihumaer/.m2/repository/org/hamcrest/hamcrest-core/1.3/hamcrest-core-1.3.jar:"/>
    <property name="sun.cpu.endian" value="little"/>
    <property name="user.home" value="/Users/wumaerjiangzulihumaer"/>
    <property name="user.language" value="tr"/>
    <property name="java.specification.vendor" value="Oracle Corporation"/>
    <property name="java.home" value="/Library/Java/JavaVirtualMachines/jdk1.8.0_231.jdk/Contents/Home/jre"/>
    <property name="basedir" value="/Users/wumaerjiangzulihumaer/IdeaProjects/EU5CucumberSelenium"/>
    <property name="file.separator" value="/"/>
    <property name="line.separator" value="&#10;"/>
    <property name="java.vm.specification.vendor" value="Oracle Corporation"/>
    <property name="java.specification.name" value="Java Platform API Specification"/>
    <property name="java.awt.graphicsenv" value="sun.awt.CGraphicsEnvironment"/>
    <property name="surefire.real.class.path" value="/Users/wumaerjiangzulihumaer/IdeaProjects/EU5CucumberSelenium/target/surefire/surefirebooter4888998830466835008.jar"/>
    <property name="sun.boot.class.path" value="/Library/Java/JavaVirtualMachines/jdk1.8.0_231.jdk/Contents/Home/jre/lib/resources.jar:/Library/Java/JavaVirtualMachines/jdk1.8.0_231.jdk/Contents/Home/jre/lib/rt.jar:/Library/Java/JavaVirtualMachines/jdk1.8.0_231.jdk/Contents/Home/jre/lib/sunrsasign.jar:/Library/Java/JavaVirtualMachines/jdk1.8.0_231.jdk/Contents/Home/jre/lib/jsse.jar:/Library/Java/JavaVirtualMachines/jdk1.8.0_231.jdk/Contents/Home/jre/lib/jce.jar:/Library/Java/JavaVirtualMachines/jdk1.8.0_231.jdk/Contents/Home/jre/lib/charsets.jar:/Library/Java/JavaVirtualMachines/jdk1.8.0_231.jdk/Contents/Home/jre/lib/jfr.jar:/Library/Java/JavaVirtualMachines/jdk1.8.0_231.jdk/Contents/Home/jre/classes"/>
    <property name="sun.management.compiler" value="HotSpot 64-Bit Tiered Compilers"/>
    <property name="ftp.nonProxyHosts" value="local|*.local|169.254/16|*.169.254/16"/>
    <property name="java.runtime.version" value="1.8.0_231-b11"/>
    <property name="user.name" value="wumaerjiangzulihumaer"/>
    <property name="path.separator" value=":"/>
    <property name="os.version" value="10.16"/>
    <property name="java.endorsed.dirs" value="/Library/Java/JavaVirtualMachines/jdk1.8.0_231.jdk/Contents/Home/jre/lib/endorsed"/>
    <property name="java.runtime.name" value="Java(TM) SE Runtime Environment"/>
    <property name="file.encoding" value="UTF-8"/>
    <property name="java.vm.name" value="Java HotSpot(TM) 64-Bit Server VM"/>
    <property name="localRepository" value="/Users/wumaerjiangzulihumaer/.m2/repository"/>
    <property name="java.vendor.url.bug" value="http://bugreport.sun.com/bugreport/"/>
    <property name="java.io.tmpdir" value="/var/folders/5f/2g77vtys60j_7nvtfzmttr_40000gn/T/"/>
    <property name="java.version" value="1.8.0_231"/>
    <property name="user.dir" value="/Users/wumaerjiangzulihumaer/IdeaProjects/EU5CucumberSelenium"/>
    <property name="os.arch" value="x86_64"/>
    <property name="java.vm.specification.name" value="Java Virtual Machine Specification"/>
    <property name="java.awt.printerjob" value="sun.lwawt.macosx.CPrinterJob"/>
    <property name="sun.os.patch.level" value="unknown"/>
    <property name="java.library.path" value="/Users/wumaerjiangzulihumaer/Library/Java/Extensions:/Library/Java/Extensions:/Network/Library/Java/Extensions:/System/Library/Java/Extensions:/usr/lib/java:."/>
    <property name="java.vm.info" value="mixed mode"/>
    <property name="java.vendor" value="Oracle Corporation"/>
    <property name="java.vm.version" value="25.231-b11"/>
    <property name="java.ext.dirs" value="/Users/wumaerjiangzulihumaer/Library/Java/Extensions:/Library/Java/JavaVirtualMachines/jdk1.8.0_231.jdk/Contents/Home/jre/lib/ext:/Library/Java/Extensions:/Network/Library/Java/Extensions:/System/Library/Java/Extensions:/usr/lib/java"/>
    <property name="sun.io.unicode.encoding" value="UnicodeBig"/>
    <property name="java.class.version" value="52.0"/>
    <property name="socksNonProxyHosts" value="local|*.local|169.254/16|*.169.254/16"/>
  </properties>
</testsuite>